#
# A fatal error has been detected by the Java Runtime Environment:
#
#  EXCEPTION_ACCESS_VIOLATION (0xc0000005) at pc=0x0000000059eb7bff, pid=36332, tid=0x0000000000002414
#
# JRE version: Java(TM) SE Runtime Environment (8.0_201-b09) (build 1.8.0_201-b09)
# Java VM: Java HotSpot(TM) 64-Bit Server VM (25.201-b09 mixed mode windows-amd64 compressed oops)
# Problematic frame:
# V  [jvm.dll+0xf7bff]
#
# Failed to write core dump. Minidumps are not enabled by default on client versions of Windows
#
# If you would like to submit a bug report, please visit:
#   http://bugreport.java.com/bugreport/crash.jsp
#

---------------  T H R E A D  ---------------

Current thread (0x000000000303a800):  GCTaskThread [stack: 0x0000000012b70000,0x0000000012c70000] [id=9236]

siginfo: ExceptionCode=0xc0000005, reading address 0x000000001e4c83a0

Registers:
RAX=0x00000000001943c0, RBX=0x0000000000000000, RCX=0x000000001e333fd0, RDX=0x000000000000ca1e
RSP=0x0000000012c6e408, RBP=0x0000000012c6e980, RSI=0x0000000012c6eb10, RDI=0x0000000012c6eb10
R8 =0x0000000000000000, R9 =0x000000001db97e68, R10=0x0000000000000009, R11=0x000000001db98ac4
R12=0x000000000303b270, R13=0x0000000012c6e940, R14=0x00000000000003d8, R15=0x0000000012c6e930
RIP=0x0000000059eb7bff, EFLAGS=0x0000000000010206

Top of Stack: (sp=0x0000000012c6e408)
0x0000000012c6e408:   0000000059ebf640 0000000000000000
0x0000000012c6e418:   0000000000000000 0000000012c6eb10
0x0000000012c6e428:   0000000000000000 00008f9df259404b
0x0000000012c6e438:   0000000000000000 000000005a3c8f38
0x0000000012c6e448:   000000001cd75b00 0000000000000025
0x0000000012c6e458:   000000000000000c 0000000012c6e480
0x0000000012c6e468:   0000000000000002 00000000460000a3
0x0000000012c6e478:   0000000000000000 4fffffff4fffffff
0x0000000012c6e488:   4fffffff4fffffff 000000004fffffff
0x0000000012c6e498:   000000000000000e 0000000012c6e4c0
0x0000000012c6e4a8:   0000000000000003 0000000000000000
0x0000000012c6e4b8:   0000000000000000 0000000012c6ea40
0x0000000012c6e4c8:   00000000000003d8 000000001d4e8020
0x0000000012c6e4d8:   ffffffffffffffff 0000000000000000
0x0000000012c6e4e8:   0000000059e85288 0000000012c6ea90
0x0000000012c6e4f8:   0000000012c6eb50 000000001d4e83f4 

Instructions: (pc=0x0000000059eb7bff)
0x0000000059eb7bdf:   74 3e 85 d2 79 13 f7 d2 48 63 c2 48 c1 e0 05 48
0x0000000059eb7bef:   8b 44 08 10 0f b7 c0 eb 12 48 63 c2 48 c1 e0 05
0x0000000059eb7bff:   48 8b 44 08 10 0f b7 d0 48 63 c2 41 0f b7 4c c1
0x0000000059eb7c0f:   52 48 63 c1 41 0f b7 44 c1 52 49 8b 44 c1 50 c3 


Register to memory mapping:

RAX=0x00000000001943c0 is an unknown value
RBX=0x0000000000000000 is an unknown value
RCX=0x000000001e333fd0 is pointing into metadata
RDX=0x000000000000ca1e is an unknown value
RSP=0x0000000012c6e408 is an unknown value
RBP=0x0000000012c6e980 is an unknown value
RSI=0x0000000012c6eb10 is an unknown value
RDI=0x0000000012c6eb10 is an unknown value
R8 =0x0000000000000000 is an unknown value
R9 =0x000000001db97e68 is pointing into metadata
R10=0x0000000000000009 is an unknown value
R11=0x000000001db98ac4 is pointing into metadata
R12=0x000000000303b270 is an unknown value
R13=0x0000000012c6e940 is an unknown value
R14=0x00000000000003d8 is an unknown value
R15=0x0000000012c6e930 is an unknown value


Stack: [0x0000000012b70000,0x0000000012c70000],  sp=0x0000000012c6e408,  free space=1017k
Native frames: (J=compiled Java code, j=interpreted, Vv=VM code, C=native code)
V  [jvm.dll+0xf7bff]

JavaThread 0x000000001a162000 (nid = 16536) was being processed
Java frames: (J=compiled Java code, j=interpreted, Vv=VM code)
j  com.example.controller.OrderController.order(Lcom/example/form/OrderReceiveForm;Lorg/springframework/validation/BindingResult;Lorg/springframework/ui/Model;)Ljava/lang/String;+147
v  ~StubRoutines::call_stub
J 2041  sun.reflect.NativeMethodAccessorImpl.invoke0(Ljava/lang/reflect/Method;Ljava/lang/Object;[Ljava/lang/Object;)Ljava/lang/Object; (0 bytes) @ 0x00000000035ddc3f [0x00000000035ddbc0+0x7f]
J 2040 C1 sun.reflect.NativeMethodAccessorImpl.invoke(Ljava/lang/Object;[Ljava/lang/Object;)Ljava/lang/Object; (104 bytes) @ 0x00000000035de3d4 [0x00000000035de020+0x3b4]
J 1551 C1 sun.reflect.DelegatingMethodAccessorImpl.invoke(Ljava/lang/Object;[Ljava/lang/Object;)Ljava/lang/Object; (10 bytes) @ 0x00000000034b77bc [0x00000000034b7760+0x5c]
J 1550 C1 java.lang.reflect.Method.invoke(Ljava/lang/Object;[Ljava/lang/Object;)Ljava/lang/Object; (62 bytes) @ 0x00000000034b6c4c [0x00000000034b6b20+0x12c]
j  org.springframework.web.method.support.InvocableHandlerMethod.doInvoke([Ljava/lang/Object;)Ljava/lang/Object;+16
j  org.springframework.web.method.support.InvocableHandlerMethod.invokeForRequest(Lorg/springframework/web/context/request/NativeWebRequest;Lorg/springframework/web/method/support/ModelAndViewContainer;[Ljava/lang/Object;)Ljava/lang/Object;+56
j  org.springframework.web.servlet.mvc.method.annotation.ServletInvocableHandlerMethod.invokeAndHandle(Lorg/springframework/web/context/request/ServletWebRequest;Lorg/springframework/web/method/support/ModelAndViewContainer;[Ljava/lang/Object;)V+4
j  org.springframework.web.servlet.mvc.method.annotation.RequestMappingHandlerAdapter.invokeHandlerMethod(Ljavax/servlet/http/HttpServletRequest;Ljavax/servlet/http/HttpServletResponse;Lorg/springframework/web/method/HandlerMethod;)Lorg/springframework/web/servlet/ModelAndView;+244
j  org.springframework.web.servlet.mvc.method.annotation.RequestMappingHandlerAdapter.handleInternal(Ljavax/servlet/http/HttpServletRequest;Ljavax/servlet/http/HttpServletResponse;Lorg/springframework/web/method/HandlerMethod;)Lorg/springframework/web/servlet/ModelAndView;+81
j  org.springframework.web.servlet.mvc.method.AbstractHandlerMethodAdapter.handle(Ljavax/servlet/http/HttpServletRequest;Ljavax/servlet/http/HttpServletResponse;Ljava/lang/Object;)Lorg/springframework/web/servlet/ModelAndView;+7
j  org.springframework.web.servlet.DispatcherServlet.doDispatch(Ljavax/servlet/http/HttpServletRequest;Ljavax/servlet/http/HttpServletResponse;)V+257
j  org.springframework.web.servlet.DispatcherServlet.doService(Ljavax/servlet/http/HttpServletRequest;Ljavax/servlet/http/HttpServletResponse;)V+212
j  org.springframework.web.servlet.FrameworkServlet.processRequest(Ljavax/servlet/http/HttpServletRequest;Ljavax/servlet/http/HttpServletResponse;)V+71
j  org.springframework.web.servlet.FrameworkServlet.doPost(Ljavax/servlet/http/HttpServletRequest;Ljavax/servlet/http/HttpServletResponse;)V+3
j  javax.servlet.http.HttpServlet.service(Ljavax/servlet/http/HttpServletRequest;Ljavax/servlet/http/HttpServletResponse;)V+149
j  org.springframework.web.servlet.FrameworkServlet.service(Ljavax/servlet/http/HttpServletRequest;Ljavax/servlet/http/HttpServletResponse;)V+33
j  javax.servlet.http.HttpServlet.service(Ljavax/servlet/ServletRequest;Ljavax/servlet/ServletResponse;)V+36
J 4593 C1 org.apache.catalina.core.ApplicationFilterChain.internalDoFilter(Ljavax/servlet/ServletRequest;Ljavax/servlet/ServletResponse;)V (388 bytes) @ 0x0000000003a12544 [0x0000000003a12320+0x224]
J 4905 C1 org.apache.catalina.core.ApplicationFilterChain.doFilter(Ljavax/servlet/ServletRequest;Ljavax/servlet/ServletResponse;)V (105 bytes) @ 0x0000000003aa06f4 [0x0000000003aa06a0+0x54]
j  org.apache.tomcat.websocket.server.WsFilter.doFilter(Ljavax/servlet/ServletRequest;Ljavax/servlet/ServletResponse;Ljavax/servlet/FilterChain;)V+21
J 4593 C1 org.apache.catalina.core.ApplicationFilterChain.internalDoFilter(Ljavax/servlet/ServletRequest;Ljavax/servlet/ServletResponse;)V (388 bytes) @ 0x0000000003a1274c [0x0000000003a12320+0x42c]
J 4905 C1 org.apache.catalina.core.ApplicationFilterChain.doFilter(Ljavax/servlet/ServletRequest;Ljavax/servlet/ServletResponse;)V (105 bytes) @ 0x0000000003aa06f4 [0x0000000003aa06a0+0x54]
J 4493 C1 org.springframework.security.web.FilterChainProxy$VirtualFilterChain.doFilter(Ljavax/servlet/ServletRequest;Ljavax/servlet/ServletResponse;)V (198 bytes) @ 0x00000000039e4934 [0x00000000039e3f00+0xa34]
j  org.springframework.security.web.access.intercept.FilterSecurityInterceptor.invoke(Lorg/springframework/security/web/FilterInvocation;)V+94
j  org.springframework.security.web.access.intercept.FilterSecurityInterceptor.doFilter(Ljavax/servlet/ServletRequest;Ljavax/servlet/ServletResponse;Ljavax/servlet/FilterChain;)V+15
J 4493 C1 org.springframework.security.web.FilterChainProxy$VirtualFilterChain.doFilter(Ljavax/servlet/ServletRequest;Ljavax/servlet/ServletResponse;)V (198 bytes) @ 0x00000000039e48d4 [0x00000000039e3f00+0x9d4]
j  org.springframework.security.web.access.ExceptionTranslationFilter.doFilter(Ljavax/servlet/ServletRequest;Ljavax/servlet/ServletResponse;Ljavax/servlet/FilterChain;)V+17
J 4493 C1 org.springframework.security.web.FilterChainProxy$VirtualFilterChain.doFilter(Ljavax/servlet/ServletRequest;Ljavax/servlet/ServletResponse;)V (198 bytes) @ 0x00000000039e48d4 [0x00000000039e3f00+0x9d4]
j  org.springframework.security.web.session.SessionManagementFilter.doFilter(Ljavax/servlet/ServletRequest;Ljavax/servlet/ServletResponse;Ljavax/servlet/FilterChain;)V+258
J 4493 C1 org.springframework.security.web.FilterChainProxy$VirtualFilterChain.doFilter(Ljavax/servlet/ServletRequest;Ljavax/servlet/ServletResponse;)V (198 bytes) @ 0x00000000039e48d4 [0x00000000039e3f00+0x9d4]
j  org.springframework.security.web.authentication.AnonymousAuthenticationFilter.doFilter(Ljavax/servlet/ServletRequest;Ljavax/servlet/ServletResponse;Ljavax/servlet/FilterChain;)V+137
J 4493 C1 org.springframework.security.web.FilterChainProxy$VirtualFilterChain.doFilter(Ljavax/servlet/ServletRequest;Ljavax/servlet/ServletResponse;)V (198 bytes) @ 0x00000000039e48d4 [0x00000000039e3f00+0x9d4]
j  org.springframework.security.web.servletapi.SecurityContextHolderAwareRequestFilter.doFilter(Ljavax/servlet/ServletRequest;Ljavax/servlet/ServletResponse;Ljavax/servlet/FilterChain;)V+19
J 4493 C1 org.springframework.security.web.FilterChainProxy$VirtualFilterChain.doFilter(Ljavax/servlet/ServletRequest;Ljavax/servlet/ServletResponse;)V (198 bytes) @ 0x00000000039e48d4 [0x00000000039e3f00+0x9d4]
j  org.springframework.security.web.savedrequest.RequestCacheAwareFilter.doFilter(Ljavax/servlet/ServletRequest;Ljavax/servlet/ServletResponse;Ljavax/servlet/FilterChain;)V+32
J 4493 C1 org.springframework.security.web.FilterChainProxy$VirtualFilterChain.doFilter(Ljavax/servlet/ServletRequest;Ljavax/servlet/ServletResponse;)V (198 bytes) @ 0x00000000039e48d4 [0x00000000039e3f00+0x9d4]
j  org.springframework.security.web.authentication.AbstractAuthenticationProcessingFilter.doFilter(Ljavax/servlet/ServletRequest;Ljavax/servlet/ServletResponse;Ljavax/servlet/FilterChain;)V+28
J 4493 C1 org.springframework.security.web.FilterChainProxy$VirtualFilterChain.doFilter(Ljavax/servlet/ServletRequest;Ljavax/servlet/ServletResponse;)V (198 bytes) @ 0x00000000039e48d4 [0x00000000039e3f00+0x9d4]
j  org.springframework.security.web.authentication.logout.LogoutFilter.doFilter(Ljavax/servlet/ServletRequest;Ljavax/servlet/ServletResponse;Ljavax/servlet/FilterChain;)V+115
J 4493 C1 org.springframework.security.web.FilterChainProxy$VirtualFilterChain.doFilter(Ljavax/servlet/ServletRequest;Ljavax/servlet/ServletResponse;)V (198 bytes) @ 0x00000000039e48d4 [0x00000000039e3f00+0x9d4]
j  org.springframework.security.web.csrf.CsrfFilter.doFilterInternal(Ljavax/servlet/http/HttpServletRequest;Ljavax/servlet/http/HttpServletResponse;Ljavax/servlet/FilterChain;)V+263
J 5069 C1 org.springframework.web.filter.OncePerRequestFilter.doFilter(Ljavax/servlet/ServletRequest;Ljavax/servlet/ServletResponse;Ljavax/servlet/FilterChain;)V (175 bytes) @ 0x0000000003afc744 [0x0000000003afc440+0x304]
J 4493 C1 org.springframework.security.web.FilterChainProxy$VirtualFilterChain.doFilter(Ljavax/servlet/ServletRequest;Ljavax/servlet/ServletResponse;)V (198 bytes) @ 0x00000000039e48d4 [0x00000000039e3f00+0x9d4]
j  org.springframework.security.web.header.HeaderWriterFilter.doFilterInternal(Ljavax/servlet/http/HttpServletRequest;Ljavax/servlet/http/HttpServletResponse;Ljavax/servlet/FilterChain;)V+32
J 5069 C1 org.springframework.web.filter.OncePerRequestFilter.doFilter(Ljavax/servlet/ServletRequest;Ljavax/servlet/ServletResponse;Ljavax/servlet/FilterChain;)V (175 bytes) @ 0x0000000003afc744 [0x0000000003afc440+0x304]
J 4493 C1 org.springframework.security.web.FilterChainProxy$VirtualFilterChain.doFilter(Ljavax/servlet/ServletRequest;Ljavax/servlet/ServletResponse;)V (198 bytes) @ 0x00000000039e48d4 [0x00000000039e3f00+0x9d4]
j  org.springframework.security.web.context.SecurityContextPersistenceFilter.doFilter(Ljavax/servlet/ServletRequest;Ljavax/servlet/ServletResponse;Ljavax/servlet/FilterChain;)V+165
J 4493 C1 org.springframework.security.web.FilterChainProxy$VirtualFilterChain.doFilter(Ljavax/servlet/ServletRequest;Ljavax/servlet/ServletResponse;)V (198 bytes) @ 0x00000000039e48d4 [0x00000000039e3f00+0x9d4]
j  org.springframework.security.web.context.request.async.WebAsyncManagerIntegrationFilter.doFilterInternal(Ljavax/servlet/http/HttpServletRequest;Ljavax/servlet/http/HttpServletResponse;Ljavax/servlet/FilterChain;)V+42
J 5069 C1 org.springframework.web.filter.OncePerRequestFilter.doFilter(Ljavax/servlet/ServletRequest;Ljavax/servlet/ServletResponse;Ljavax/servlet/FilterChain;)V (175 bytes) @ 0x0000000003afc744 [0x0000000003afc440+0x304]
J 4493 C1 org.springframework.security.web.FilterChainProxy$VirtualFilterChain.doFilter(Ljavax/servlet/ServletRequest;Ljavax/servlet/ServletResponse;)V (198 bytes) @ 0x00000000039e48d4 [0x00000000039e3f00+0x9d4]
j  org.springframework.security.web.FilterChainProxy.doFilterInternal(Ljavax/servlet/ServletRequest;Ljavax/servlet/ServletResponse;Ljavax/servlet/FilterChain;)V+142
j  org.springframework.security.web.FilterChainProxy.doFilter(Ljavax/servlet/ServletRequest;Ljavax/servlet/ServletResponse;Ljavax/servlet/FilterChain;)V+40
j  org.springframework.web.filter.DelegatingFilterProxy.invokeDelegate(Ljavax/servlet/Filter;Ljavax/servlet/ServletRequest;Ljavax/servlet/ServletResponse;Ljavax/servlet/FilterChain;)V+5
j  org.springframework.web.filter.DelegatingFilterProxy.doFilter(Ljavax/servlet/ServletRequest;Ljavax/servlet/ServletResponse;Ljavax/servlet/FilterChain;)V+85
J 4593 C1 org.apache.catalina.core.ApplicationFilterChain.internalDoFilter(Ljavax/servlet/ServletRequest;Ljavax/servlet/ServletResponse;)V (388 bytes) @ 0x0000000003a1274c [0x0000000003a12320+0x42c]
J 4905 C1 org.apache.catalina.core.ApplicationFilterChain.doFilter(Ljavax/servlet/ServletRequest;Ljavax/servlet/ServletResponse;)V (105 bytes) @ 0x0000000003aa06f4 [0x0000000003aa06a0+0x54]
j  org.springframework.web.filter.RequestContextFilter.doFilterInternal(Ljavax/servlet/http/HttpServletRequest;Ljavax/servlet/http/HttpServletResponse;Ljavax/servlet/FilterChain;)V+21
J 5069 C1 org.springframework.web.filter.OncePerRequestFilter.doFilter(Ljavax/servlet/ServletRequest;Ljavax/servlet/ServletResponse;Ljavax/servlet/FilterChain;)V (175 bytes) @ 0x0000000003afc744 [0x0000000003afc440+0x304]
J 4593 C1 org.apache.catalina.core.ApplicationFilterChain.internalDoFilter(Ljavax/servlet/ServletRequest;Ljavax/servlet/ServletResponse;)V (388 bytes) @ 0x0000000003a1274c [0x0000000003a12320+0x42c]
J 4905 C1 org.apache.catalina.core.ApplicationFilterChain.doFilter(Ljavax/servlet/ServletRequest;Ljavax/servlet/ServletResponse;)V (105 bytes) @ 0x0000000003aa06f4 [0x0000000003aa06a0+0x54]
j  org.springframework.web.filter.FormContentFilter.doFilterInternal(Ljavax/servlet/http/HttpServletRequest;Ljavax/servlet/http/HttpServletResponse;Ljavax/servlet/FilterChain;)V+38
J 5069 C1 org.springframework.web.filter.OncePerRequestFilter.doFilter(Ljavax/servlet/ServletRequest;Ljavax/servlet/ServletResponse;Ljavax/servlet/FilterChain;)V (175 bytes) @ 0x0000000003afc744 [0x0000000003afc440+0x304]
J 4593 C1 org.apache.catalina.core.ApplicationFilterChain.internalDoFilter(Ljavax/servlet/ServletRequest;Ljavax/servlet/ServletResponse;)V (388 bytes) @ 0x0000000003a1274c [0x0000000003a12320+0x42c]
J 4905 C1 org.apache.catalina.core.ApplicationFilterChain.doFilter(Ljavax/servlet/ServletRequest;Ljavax/servlet/ServletResponse;)V (105 bytes) @ 0x0000000003aa06f4 [0x0000000003aa06a0+0x54]
j  org.springframework.web.filter.HiddenHttpMethodFilter.doFilterInternal(Ljavax/servlet/http/HttpServletRequest;Ljavax/servlet/http/HttpServletResponse;Ljavax/servlet/FilterChain;)V+87
J 5069 C1 org.springframework.web.filter.OncePerRequestFilter.doFilter(Ljavax/servlet/ServletRequest;Ljavax/servlet/ServletResponse;Ljavax/servlet/FilterChain;)V (175 bytes) @ 0x0000000003afc744 [0x0000000003afc440+0x304]
J 4593 C1 org.apache.catalina.core.ApplicationFilterChain.internalDoFilter(Ljavax/servlet/ServletRequest;Ljavax/servlet/ServletResponse;)V (388 bytes) @ 0x0000000003a1274c [0x0000000003a12320+0x42c]
J 4905 C1 org.apache.catalina.core.ApplicationFilterChain.doFilter(Ljavax/servlet/ServletRequest;Ljavax/servlet/ServletResponse;)V (105 bytes) @ 0x0000000003aa06f4 [0x0000000003aa06a0+0x54]
j  org.springframework.web.filter.CharacterEncodingFilter.doFilterInternal(Ljavax/servlet/http/HttpServletRequest;Ljavax/servlet/http/HttpServletResponse;Ljavax/servlet/FilterChain;)V+53
J 5069 C1 org.springframework.web.filter.OncePerRequestFilter.doFilter(Ljavax/servlet/ServletRequest;Ljavax/servlet/ServletResponse;Ljavax/servlet/FilterChain;)V (175 bytes) @ 0x0000000003afc744 [0x0000000003afc440+0x304]
J 4593 C1 org.apache.catalina.core.ApplicationFilterChain.internalDoFilter(Ljavax/servlet/ServletRequest;Ljavax/servlet/ServletResponse;)V (388 bytes) @ 0x0000000003a1274c [0x0000000003a12320+0x42c]
J 4905 C1 org.apache.catalina.core.ApplicationFilterChain.doFilter(Ljavax/servlet/ServletRequest;Ljavax/servlet/ServletResponse;)V (105 bytes) @ 0x0000000003aa06f4 [0x0000000003aa06a0+0x54]
j  org.apache.catalina.core.StandardWrapperValve.invoke(Lorg/apache/catalina/connector/Request;Lorg/apache/catalina/connector/Response;)V+694
j  org.apache.catalina.core.StandardContextValve.invoke(Lorg/apache/catalina/connector/Request;Lorg/apache/catalina/connector/Response;)V+166
j  org.apache.catalina.authenticator.AuthenticatorBase.invoke(Lorg/apache/catalina/connector/Request;Lorg/apache/catalina/connector/Response;)V+260
j  org.apache.catalina.core.StandardHostValve.invoke(Lorg/apache/catalina/connector/Request;Lorg/apache/catalina/connector/Response;)V+114
j  org.apache.catalina.valves.ErrorReportValve.invoke(Lorg/apache/catalina/connector/Request;Lorg/apache/catalina/connector/Response;)V+6
j  org.apache.catalina.core.StandardEngineValve.invoke(Lorg/apache/catalina/connector/Request;Lorg/apache/catalina/connector/Response;)V+45
j  org.apache.catalina.connector.CoyoteAdapter.service(Lorg/apache/coyote/Request;Lorg/apache/coyote/Response;)V+199
j  org.apache.coyote.http11.Http11Processor.service(Lorg/apache/tomcat/util/net/SocketWrapperBase;)Lorg/apache/tomcat/util/net/AbstractEndpoint$Handler$SocketState;+784
j  org.apache.coyote.AbstractProcessorLight.process(Lorg/apache/tomcat/util/net/SocketWrapperBase;Lorg/apache/tomcat/util/net/SocketEvent;)Lorg/apache/tomcat/util/net/AbstractEndpoint$Handler$SocketState;+113
j  org.apache.coyote.AbstractProtocol$ConnectionHandler.process(Lorg/apache/tomcat/util/net/SocketWrapperBase;Lorg/apache/tomcat/util/net/SocketEvent;)Lorg/apache/tomcat/util/net/AbstractEndpoint$Handler$SocketState;+442
j  org.apache.tomcat.util.net.NioEndpoint$SocketProcessor.doRun()V+221
j  org.apache.tomcat.util.net.SocketProcessorBase.run()V+21
j  java.util.concurrent.ThreadPoolExecutor.runWorker(Ljava/util/concurrent/ThreadPoolExecutor$Worker;)V+95
j  java.util.concurrent.ThreadPoolExecutor$Worker.run()V+5
j  org.apache.tomcat.util.threads.TaskThread$WrappingRunnable.run()V+4
j  java.lang.Thread.run()V+11
v  ~StubRoutines::call_stub

---------------  P R O C E S S  ---------------

Java Threads: ( => current thread )
  0x0000000020148000 JavaThread "Thread-11" [_thread_blocked, id=33280, stack(0x00000000011b0000,0x00000000012b0000)]
  0x0000000020149800 JavaThread "http-nio-8080-Acceptor" daemon [_thread_blocked, id=35408, stack(0x000000001fef0000,0x000000001fff0000)]
  0x000000001ae44000 JavaThread "DestroyJavaVM" [_thread_blocked, id=33812, stack(0x0000000002eb0000,0x0000000002fb0000)]
  0x000000001a162000 JavaThread "http-nio-8080-exec-7" daemon [_thread_blocked, id=16536, stack(0x000000001f2f0000,0x000000001f3f0000)]
  0x000000001a164800 JavaThread "Live Reload Server" daemon [_thread_in_native, id=33604, stack(0x000000001ebf0000,0x000000001ecf0000)]
  0x000000001b0b3800 JavaThread "RMI TCP Accept-0" daemon [_thread_in_native, id=35476, stack(0x000000001b840000,0x000000001b940000)]
  0x000000001b0be000 JavaThread "RMI TCP Accept-56535" daemon [_thread_in_native, id=20808, stack(0x000000001b740000,0x000000001b840000)]
  0x000000001b0ab800 JavaThread "RMI TCP Accept-0" daemon [_thread_in_native, id=7380, stack(0x000000001b640000,0x000000001b740000)]
  0x0000000019efd000 JavaThread "Service Thread" daemon [_thread_blocked, id=15988, stack(0x000000001ad40000,0x000000001ae40000)]
  0x0000000019e5d800 JavaThread "C1 CompilerThread3" daemon [_thread_blocked, id=12860, stack(0x000000001ac40000,0x000000001ad40000)]
  0x0000000019e55000 JavaThread "C2 CompilerThread2" daemon [_thread_blocked, id=32080, stack(0x000000001ab40000,0x000000001ac40000)]
  0x0000000019e53000 JavaThread "C2 CompilerThread1" daemon [_thread_blocked, id=19936, stack(0x000000001aa40000,0x000000001ab40000)]
  0x0000000019e4d800 JavaThread "C2 CompilerThread0" daemon [_thread_blocked, id=36792, stack(0x000000001a940000,0x000000001aa40000)]
  0x0000000019e38800 JavaThread "JDWP Command Reader" daemon [_thread_in_native, id=21876, stack(0x000000001a840000,0x000000001a940000)]
  0x0000000019e37800 JavaThread "JDWP Event Helper Thread" daemon [_thread_blocked, id=6636, stack(0x000000001a740000,0x000000001a840000)]
  0x0000000019de6800 JavaThread "JDWP Transport Listener: dt_socket" daemon [_thread_blocked, id=30804, stack(0x000000001a640000,0x000000001a740000)]
  0x0000000019ddd000 JavaThread "Attach Listener" daemon [_thread_blocked, id=36584, stack(0x000000001a540000,0x000000001a640000)]
  0x0000000019e33800 JavaThread "Signal Dispatcher" daemon [_thread_blocked, id=33500, stack(0x000000001a440000,0x000000001a540000)]
  0x0000000019dc1000 JavaThread "Finalizer" daemon [_thread_blocked, id=36656, stack(0x000000001a2a0000,0x000000001a3a0000)]
  0x0000000017fcd000 JavaThread "Reference Handler" daemon [_thread_blocked, id=35760, stack(0x000000001a1a0000,0x000000001a2a0000)]

Other Threads:
  0x0000000017fc9000 VMThread [stack: 0x0000000019ca0000,0x0000000019da0000] [id=34324]
  0x000000001b127800 WatcherThread [stack: 0x000000001b940000,0x000000001ba40000] [id=30316]

=>0x000000000303a800 (exited) GCTaskThread [stack: 0x0000000012b70000,0x0000000012c70000] [id=9236]

VM state:at safepoint (normal execution)

VM Mutex/Monitor currently owned by a thread:  ([mutex/lock_event])
[0x00000000030243b0] Threads_lock - owner thread: 0x0000000017fc9000
[0x0000000003023130] Heap_lock - owner thread: 0x0000000020148000

heap address: 0x0000000083000000, size: 2000 MB, Compressed Oops mode: 32-bit
Narrow klass base: 0x0000000000000000, Narrow klass shift: 3
Compressed class space size: 1073741824 Address: 0x0000000100000000

Heap:
 PSYoungGen      total 199680K, used 19172K [0x00000000d6580000, 0x00000000e7c00000, 0x0000000100000000)
  eden space 184832K, 7% used [0x00000000d6580000,0x00000000d733daf0,0x00000000e1a00000)
  from space 14848K, 34% used [0x00000000e1a00000,0x00000000e1efb678,0x00000000e2880000)
  to   space 14848K, 0% used [0x00000000e6d80000,0x00000000e6da0000,0x00000000e7c00000)
 ParOldGen       total 81920K, used 23716K [0x0000000083000000, 0x0000000088000000, 0x00000000d6580000)
  object space 81920K, 28% used [0x0000000083000000,0x0000000084729230,0x0000000088000000)
 Metaspace       used 44507K, capacity 46847K, committed 47104K, reserved 1089536K
  class space    used 5909K, capacity 6368K, committed 6400K, reserved 1048576K

Card table byte_map: [0x00000000124e0000,0x00000000128d0000] byte_map_base: 0x00000000120c8000

Marking Bits: (ParMarkBitMap*) 0x000000005a5e4ce0
 Begin Bits: [0x0000000013370000, 0x00000000152b0000)
 End Bits:   [0x00000000152b0000, 0x00000000171f0000)

Polling page: 0x0000000001310000

CodeCache: size=245760Kb used=11609Kb max_used=11609Kb free=234150Kb
 bounds [0x0000000003120000, 0x0000000003c80000, 0x0000000012120000]
 total_blobs=6215 nmethods=5708 adapters=426
 compilation: enabled

Compilation events (10 events):
Event: 1159.959 Thread 0x0000000019e5d800 5819       1       java.io.ObjectOutputStream$BlockDataOutputStream::writeBytes (144 bytes)
Event: 1159.961 Thread 0x0000000019e5d800 nmethod 5819 0x0000000003c77cd0 code [0x0000000003c77e60, 0x0000000003c78118]
Event: 1159.961 Thread 0x0000000019e5d800 5816       1       java.io.ObjectStreamClass$Caches::access$200 (4 bytes)
Event: 1159.961 Thread 0x0000000019e5d800 nmethod 5816 0x0000000003c783d0 code [0x0000000003c78520, 0x0000000003c78610]
Event: 1159.962 Thread 0x0000000019e5d800 5817       1       java.io.ObjectOutputStream$BlockDataOutputStream::drain (45 bytes)
Event: 1159.962 Thread 0x0000000019e5d800 nmethod 5817 0x0000000003c78690 code [0x0000000003c78800, 0x0000000003c78998]
Event: 1159.962 Thread 0x0000000019e5d800 5820       1       org.apache.catalina.ContainerEvent::getType (5 bytes)
Event: 1159.962 Thread 0x0000000019e5d800 nmethod 5820 0x0000000003c78a50 code [0x0000000003c78ba0, 0x0000000003c78cb0]
Event: 1159.973 Thread 0x0000000019e5d800 5821       1       org.apache.tomcat.util.net.AbstractEndpoint::isSSLEnabled (5 bytes)
Event: 1159.973 Thread 0x0000000019e5d800 nmethod 5821 0x0000000003c78d10 code [0x0000000003c78e60, 0x0000000003c78f70]

GC Heap History (10 events):
Event: 8.001 GC heap after
Heap after GC invocations=10 (full 2):
 PSYoungGen      total 144384K, used 0K [0x00000000d6580000, 0x00000000e2100000, 0x0000000100000000)
  eden space 130048K, 0% used [0x00000000d6580000,0x00000000d6580000,0x00000000de480000)
  from space 14336K, 0% used [0x00000000df280000,0x00000000df280000,0x00000000e0080000)
  to   space 14336K, 0% used [0x00000000de480000,0x00000000de480000,0x00000000df280000)
 ParOldGen       total 81920K, used 15784K [0x0000000083000000, 0x0000000088000000, 0x00000000d6580000)
  object space 81920K, 19% used [0x0000000083000000,0x0000000083f6a278,0x0000000088000000)
 Metaspace       used 33651K, capacity 35257K, committed 35496K, reserved 1079296K
  class space    used 4525K, capacity 4850K, committed 4864K, reserved 1048576K
}
Event: 148.113 GC heap before
{Heap before GC invocations=11 (full 2):
 PSYoungGen      total 144384K, used 130048K [0x00000000d6580000, 0x00000000e2100000, 0x0000000100000000)
  eden space 130048K, 100% used [0x00000000d6580000,0x00000000de480000,0x00000000de480000)
  from space 14336K, 0% used [0x00000000df280000,0x00000000df280000,0x00000000e0080000)
  to   space 14336K, 0% used [0x00000000de480000,0x00000000de480000,0x00000000df280000)
 ParOldGen       total 81920K, used 15784K [0x0000000083000000, 0x0000000088000000, 0x00000000d6580000)
  object space 81920K, 19% used [0x0000000083000000,0x0000000083f6a278,0x0000000088000000)
 Metaspace       used 41868K, capacity 43961K, committed 44160K, reserved 1087488K
  class space    used 5586K, capacity 5979K, committed 6016K, reserved 1048576K
Event: 148.130 GC heap after
Heap after GC invocations=11 (full 2):
 PSYoungGen      total 144384K, used 12532K [0x00000000d6580000, 0x00000000e3800000, 0x0000000100000000)
  eden space 130048K, 0% used [0x00000000d6580000,0x00000000d6580000,0x00000000de480000)
  from space 14336K, 87% used [0x00000000de480000,0x00000000df0bd340,0x00000000df280000)
  to   space 15360K, 0% used [0x00000000e2900000,0x00000000e2900000,0x00000000e3800000)
 ParOldGen       total 81920K, used 15811K [0x0000000083000000, 0x0000000088000000, 0x00000000d6580000)
  object space 81920K, 19% used [0x0000000083000000,0x0000000083f70ec8,0x0000000088000000)
 Metaspace       used 41868K, capacity 43961K, committed 44160K, reserved 1087488K
  class space    used 5586K, capacity 5979K, committed 6016K, reserved 1048576K
}
Event: 680.253 GC heap before
{Heap before GC invocations=12 (full 2):
 PSYoungGen      total 144384K, used 137089K [0x00000000d6580000, 0x00000000e3800000, 0x0000000100000000)
  eden space 130048K, 95% used [0x00000000d6580000,0x00000000ddf23400,0x00000000de480000)
  from space 14336K, 87% used [0x00000000de480000,0x00000000df0bd340,0x00000000df280000)
  to   space 15360K, 0% used [0x00000000e2900000,0x00000000e2900000,0x00000000e3800000)
 ParOldGen       total 81920K, used 15811K [0x0000000083000000, 0x0000000088000000, 0x00000000d6580000)
  object space 81920K, 19% used [0x0000000083000000,0x0000000083f70ec8,0x0000000088000000)
 Metaspace       used 43822K, capacity 46079K, committed 46208K, reserved 1089536K
  class space    used 5839K, capacity 6261K, committed 6272K, reserved 1048576K
Event: 680.262 GC heap after
Heap after GC invocations=12 (full 2):
 PSYoungGen      total 199168K, used 8010K [0x00000000d6580000, 0x00000000e3700000, 0x0000000100000000)
  eden space 184832K, 0% used [0x00000000d6580000,0x00000000d6580000,0x00000000e1a00000)
  from space 14336K, 55% used [0x00000000e2900000,0x00000000e30d2a20,0x00000000e3700000)
  to   space 14848K, 0% used [0x00000000e1a00000,0x00000000e1a00000,0x00000000e2880000)
 ParOldGen       total 81920K, used 15819K [0x0000000083000000, 0x0000000088000000, 0x00000000d6580000)
  object space 81920K, 19% used [0x0000000083000000,0x0000000083f72ec8,0x0000000088000000)
 Metaspace       used 43822K, capacity 46079K, committed 46208K, reserved 1089536K
  class space    used 5839K, capacity 6261K, committed 6272K, reserved 1048576K
}
Event: 680.262 GC heap before
{Heap before GC invocations=13 (full 3):
 PSYoungGen      total 199168K, used 8010K [0x00000000d6580000, 0x00000000e3700000, 0x0000000100000000)
  eden space 184832K, 0% used [0x00000000d6580000,0x00000000d6580000,0x00000000e1a00000)
  from space 14336K, 55% used [0x00000000e2900000,0x00000000e30d2a20,0x00000000e3700000)
  to   space 14848K, 0% used [0x00000000e1a00000,0x00000000e1a00000,0x00000000e2880000)
 ParOldGen       total 81920K, used 15819K [0x0000000083000000, 0x0000000088000000, 0x00000000d6580000)
  object space 81920K, 19% used [0x0000000083000000,0x0000000083f72ec8,0x0000000088000000)
 Metaspace       used 43822K, capacity 46079K, committed 46208K, reserved 1089536K
  class space    used 5839K, capacity 6261K, committed 6272K, reserved 1048576K
Event: 680.422 GC heap after
Heap after GC invocations=13 (full 3):
 PSYoungGen      total 199168K, used 0K [0x00000000d6580000, 0x00000000e3700000, 0x0000000100000000)
  eden space 184832K, 0% used [0x00000000d6580000,0x00000000d6580000,0x00000000e1a00000)
  from space 14336K, 0% used [0x00000000e2900000,0x00000000e2900000,0x00000000e3700000)
  to   space 14848K, 0% used [0x00000000e1a00000,0x00000000e1a00000,0x00000000e2880000)
 ParOldGen       total 81920K, used 20858K [0x0000000083000000, 0x0000000088000000, 0x00000000d6580000)
  object space 81920K, 25% used [0x0000000083000000,0x000000008445e868,0x0000000088000000)
 Metaspace       used 43821K, capacity 46073K, committed 46208K, reserved 1089536K
  class space    used 5838K, capacity 6260K, committed 6272K, reserved 1048576K
}
Event: 1131.709 GC heap before
{Heap before GC invocations=14 (full 3):
 PSYoungGen      total 199168K, used 184832K [0x00000000d6580000, 0x00000000e3700000, 0x0000000100000000)
  eden space 184832K, 100% used [0x00000000d6580000,0x00000000e1a00000,0x00000000e1a00000)
  from space 14336K, 0% used [0x00000000e2900000,0x00000000e2900000,0x00000000e3700000)
  to   space 14848K, 0% used [0x00000000e1a00000,0x00000000e1a00000,0x00000000e2880000)
 ParOldGen       total 81920K, used 20858K [0x0000000083000000, 0x0000000088000000, 0x00000000d6580000)
  object space 81920K, 25% used [0x0000000083000000,0x000000008445e868,0x0000000088000000)
 Metaspace       used 44479K, capacity 46841K, committed 47104K, reserved 1089536K
  class space    used 5907K, capacity 6366K, committed 6400K, reserved 1048576K
Event: 1131.717 GC heap after
Heap after GC invocations=14 (full 3):
 PSYoungGen      total 199680K, used 5101K [0x00000000d6580000, 0x00000000e7c00000, 0x0000000100000000)
  eden space 184832K, 0% used [0x00000000d6580000,0x00000000d6580000,0x00000000e1a00000)
  from space 14848K, 34% used [0x00000000e1a00000,0x00000000e1efb678,0x00000000e2880000)
  to   space 14848K, 0% used [0x00000000e6d80000,0x00000000e6d80000,0x00000000e7c00000)
 ParOldGen       total 81920K, used 20866K [0x0000000083000000, 0x0000000088000000, 0x00000000d6580000)
  object space 81920K, 25% used [0x0000000083000000,0x0000000084460868,0x0000000088000000)
 Metaspace       used 44479K, capacity 46841K, committed 47104K, reserved 1089536K
  class space    used 5907K, capacity 6366K, committed 6400K, reserved 1048576K
}
Event: 1159.976 GC heap before
{Heap before GC invocations=15 (full 3):
 PSYoungGen      total 199680K, used 19172K [0x00000000d6580000, 0x00000000e7c00000, 0x0000000100000000)
  eden space 184832K, 7% used [0x00000000d6580000,0x00000000d733daf0,0x00000000e1a00000)
  from space 14848K, 34% used [0x00000000e1a00000,0x00000000e1efb678,0x00000000e2880000)
  to   space 14848K, 0% used [0x00000000e6d80000,0x00000000e6d80000,0x00000000e7c00000)
 ParOldGen       total 81920K, used 20866K [0x0000000083000000, 0x0000000088000000, 0x00000000d6580000)
  object space 81920K, 25% used [0x0000000083000000,0x0000000084460868,0x0000000088000000)
 Metaspace       used 44507K, capacity 46847K, committed 47104K, reserved 1089536K
  class space    used 5909K, capacity 6368K, committed 6400K, reserved 1048576K

Deoptimization events (0 events):
No events

Classes redefined (3 events):
Event: 671.060 Thread 0x0000000017fc9000 redefined class name=com.example.controller.OrderController, count=1
Event: 1158.711 Thread 0x0000000017fc9000 redefined class name=com.example.controller.OrderController, count=1
Event: 1158.730 Thread 0x0000000017fc9000 redefined class name=com.example.controller.OrderController, count=2

Internal exceptions (10 events):
Event: 681.359 Thread 0x000000001ae43800 Exception <a 'java/lang/ArrayIndexOutOfBoundsException'> (0x00000000dc04fd50) thrown at [C:\re\workspace\8-2-build-windows-amd64-cygwin\jdk8u201\12322\hotspot\src\share\vm\runtime\sharedRuntime.cpp, line 605]
Event: 681.365 Thread 0x000000001ae43800 Exception <a 'java/lang/ArrayIndexOutOfBoundsException'> (0x00000000dc0c8e20) thrown at [C:\re\workspace\8-2-build-windows-amd64-cygwin\jdk8u201\12322\hotspot\src\share\vm\runtime\sharedRuntime.cpp, line 605]
Event: 681.396 Thread 0x000000001ae43800 Exception <a 'java/lang/ArrayIndexOutOfBoundsException'> (0x00000000dc31dee0) thrown at [C:\re\workspace\8-2-build-windows-amd64-cygwin\jdk8u201\12322\hotspot\src\share\vm\runtime\sharedRuntime.cpp, line 605]
Event: 681.409 Thread 0x000000001ae43800 Exception <a 'java/lang/ArrayIndexOutOfBoundsException'> (0x00000000dc46d7d0) thrown at [C:\re\workspace\8-2-build-windows-amd64-cygwin\jdk8u201\12322\hotspot\src\share\vm\runtime\sharedRuntime.cpp, line 605]
Event: 681.411 Thread 0x000000001ae43800 Exception <a 'java/lang/ArrayIndexOutOfBoundsException'> (0x00000000dc49abb0) thrown at [C:\re\workspace\8-2-build-windows-amd64-cygwin\jdk8u201\12322\hotspot\src\share\vm\runtime\sharedRuntime.cpp, line 605]
Event: 681.420 Thread 0x000000001ae43800 Exception <a 'java/lang/ArrayIndexOutOfBoundsException'> (0x00000000dc53c830) thrown at [C:\re\workspace\8-2-build-windows-amd64-cygwin\jdk8u201\12322\hotspot\src\share\vm\runtime\sharedRuntime.cpp, line 605]
Event: 681.427 Thread 0x000000001ae43800 Exception <a 'java/lang/ArrayIndexOutOfBoundsException'> (0x00000000dc5ae960) thrown at [C:\re\workspace\8-2-build-windows-amd64-cygwin\jdk8u201\12322\hotspot\src\share\vm\runtime\sharedRuntime.cpp, line 605]
Event: 681.462 Thread 0x000000001ae43800 Exception <a 'java/lang/ArrayIndexOutOfBoundsException'> (0x00000000dc65fc28) thrown at [C:\re\workspace\8-2-build-windows-amd64-cygwin\jdk8u201\12322\hotspot\src\share\vm\runtime\sharedRuntime.cpp, line 605]
Event: 681.463 Thread 0x000000001ae43800 Exception <a 'java/lang/ArrayIndexOutOfBoundsException'> (0x00000000dc661248) thrown at [C:\re\workspace\8-2-build-windows-amd64-cygwin\jdk8u201\12322\hotspot\src\share\vm\runtime\sharedRuntime.cpp, line 605]
Event: 1159.974 Thread 0x000000001ae47000 Exception <a 'java/lang/InterruptedException': sleep interrupted> (0x00000000d72b9ad0) thrown at [C:\re\workspace\8-2-build-windows-amd64-cygwin\jdk8u201\12322\hotspot\src\share\vm\prims\jvm.cpp, line 3340]

Events (10 events):
Event: 1159.975 Thread 0x000000001ae40800 DEOPT UNPACKING pc=0x0000000003167890 sp=0x000000001e5eec70 mode 1
Event: 1159.975 Thread 0x000000001ae42000 DEOPT PACKING pc=0x0000000003a3d784 sp=0x000000001e4eef60
Event: 1159.975 Thread 0x000000001ae42000 DEOPT UNPACKING pc=0x0000000003167890 sp=0x000000001e4eed40 mode 1
Event: 1159.975 Thread 0x000000001ae42000 DEOPT PACKING pc=0x0000000003a3eedc sp=0x000000001e4ef090
Event: 1159.975 Thread 0x000000001ae42000 DEOPT UNPACKING pc=0x0000000003167890 sp=0x000000001e4eedb8 mode 1
Event: 1159.975 Thread 0x000000001ae42000 DEOPT PACKING pc=0x0000000003a345c4 sp=0x000000001e4ef0d0
Event: 1159.975 Thread 0x000000001ae42000 DEOPT UNPACKING pc=0x0000000003167890 sp=0x000000001e4eee70 mode 1
Event: 1159.975 Thread 0x000000001ae40800 Thread exited: 0x000000001ae40800
Event: 1159.975 Thread 0x000000001ae42000 Thread exited: 0x000000001ae42000
Event: 1159.976 Executing VM operation: ParallelGCSystemGC


Dynamic libraries:
0x00007ff710bf0000 - 0x00007ff710c27000 	C:\environment\java\jdk\bin\javaw.exe
0x00007ffd5dec0000 - 0x00007ffd5e0b0000 	C:\WINDOWS\SYSTEM32\ntdll.dll
0x00007ffd5c330000 - 0x00007ffd5c3e2000 	C:\WINDOWS\System32\KERNEL32.DLL
0x00007ffd5ae50000 - 0x00007ffd5b0f3000 	C:\WINDOWS\System32\KERNELBASE.dll
0x00007ffd5c7f0000 - 0x00007ffd5c893000 	C:\WINDOWS\System32\ADVAPI32.dll
0x00007ffd5c420000 - 0x00007ffd5c4be000 	C:\WINDOWS\System32\msvcrt.dll
0x00007ffd5d680000 - 0x00007ffd5d717000 	C:\WINDOWS\System32\sechost.dll
0x00007ffd5c4c0000 - 0x00007ffd5c5e0000 	C:\WINDOWS\System32\RPCRT4.dll
0x00007ffd5d280000 - 0x00007ffd5d414000 	C:\WINDOWS\System32\USER32.dll
0x00007ffd5b950000 - 0x00007ffd5b971000 	C:\WINDOWS\System32\win32u.dll
0x00007ffd5c3f0000 - 0x00007ffd5c416000 	C:\WINDOWS\System32\GDI32.dll
0x00007ffd5bcf0000 - 0x00007ffd5be84000 	C:\WINDOWS\System32\gdi32full.dll
0x00007ffd5bb00000 - 0x00007ffd5bb9e000 	C:\WINDOWS\System32\msvcp_win.dll
0x00007ffd5b980000 - 0x00007ffd5ba7a000 	C:\WINDOWS\System32\ucrtbase.dll
0x00007ffd3c3f0000 - 0x00007ffd3c675000 	C:\WINDOWS\WinSxS\amd64_microsoft.windows.common-controls_6595b64144ccf1df_6.0.18362.418_none_e6c6b287130d565d\COMCTL32.dll
0x00007ffd5bf70000 - 0x00007ffd5c2a6000 	C:\WINDOWS\System32\combase.dll
0x00007ffd5ba80000 - 0x00007ffd5bb00000 	C:\WINDOWS\System32\bcryptPrimitives.dll
0x00007ffd5c640000 - 0x00007ffd5c66e000 	C:\WINDOWS\System32\IMM32.DLL
0x000000005b770000 - 0x000000005b841000 	C:\environment\java\jdk\jre\bin\msvcr100.dll
0x0000000059dc0000 - 0x000000005a664000 	C:\environment\java\jdk\jre\bin\server\jvm.dll
0x00007ffd5d720000 - 0x00007ffd5d728000 	C:\WINDOWS\System32\PSAPI.DLL
0x00007ffd53850000 - 0x00007ffd5385a000 	C:\WINDOWS\SYSTEM32\VERSION.dll
0x00007ffd57ff0000 - 0x00007ffd58014000 	C:\WINDOWS\SYSTEM32\WINMM.dll
0x00007ffd452a0000 - 0x00007ffd452a9000 	C:\WINDOWS\SYSTEM32\WSOCK32.dll
0x00007ffd5d610000 - 0x00007ffd5d67f000 	C:\WINDOWS\System32\WS2_32.dll
0x00007ffd57a00000 - 0x00007ffd57a2d000 	C:\WINDOWS\SYSTEM32\winmmbase.dll
0x00007ffd5bf20000 - 0x00007ffd5bf6a000 	C:\WINDOWS\System32\cfgmgr32.dll
0x00007ffd57870000 - 0x00007ffd5787f000 	C:\environment\java\jdk\jre\bin\verify.dll
0x00007ffd54ea0000 - 0x00007ffd54ec9000 	C:\environment\java\jdk\jre\bin\java.dll
0x00007ffd4eaf0000 - 0x00007ffd4eb25000 	C:\environment\java\jdk\jre\bin\jdwp.dll
0x00007ffd57630000 - 0x00007ffd57638000 	C:\environment\java\jdk\jre\bin\npt.dll
0x00007ffd57600000 - 0x00007ffd57616000 	C:\environment\java\jdk\jre\bin\zip.dll
0x00007ffd5d730000 - 0x00007ffd5de15000 	C:\WINDOWS\System32\SHELL32.dll
0x00007ffd5d420000 - 0x00007ffd5d4c9000 	C:\WINDOWS\System32\shcore.dll
0x00007ffd5b120000 - 0x00007ffd5b89f000 	C:\WINDOWS\System32\windows.storage.dll
0x00007ffd5adf0000 - 0x00007ffd5ae0f000 	C:\WINDOWS\System32\profapi.dll
0x00007ffd5ada0000 - 0x00007ffd5adea000 	C:\WINDOWS\System32\powrprof.dll
0x00007ffd5ad90000 - 0x00007ffd5ada0000 	C:\WINDOWS\System32\UMPDC.dll
0x00007ffd5de20000 - 0x00007ffd5de72000 	C:\WINDOWS\System32\shlwapi.dll
0x00007ffd5ae10000 - 0x00007ffd5ae21000 	C:\WINDOWS\System32\kernel.appcore.dll
0x00007ffd5b100000 - 0x00007ffd5b117000 	C:\WINDOWS\System32\cryptsp.dll
0x00007ffd541a0000 - 0x00007ffd541a9000 	C:\environment\java\jdk\jre\bin\dt_socket.dll
0x00007ffd32590000 - 0x00007ffd325a6000 	C:\WINDOWS\system32\napinsp.dll
0x00007ffd32570000 - 0x00007ffd3258a000 	C:\WINDOWS\system32\pnrpnsp.dll
0x00007ffd5a5f0000 - 0x00007ffd5a657000 	C:\WINDOWS\System32\mswsock.dll
0x00007ffd5a360000 - 0x00007ffd5a42a000 	C:\WINDOWS\SYSTEM32\DNSAPI.dll
0x00007ffd5ce60000 - 0x00007ffd5ce68000 	C:\WINDOWS\System32\NSI.dll
0x00007ffd5a310000 - 0x00007ffd5a34a000 	C:\WINDOWS\SYSTEM32\IPHLPAPI.DLL
0x00007ffd32560000 - 0x00007ffd3256e000 	C:\WINDOWS\System32\winrnr.dll
0x00007ffd57380000 - 0x00007ffd5739c000 	C:\WINDOWS\system32\NLAapi.dll
0x00007ffd56730000 - 0x00007ffd56745000 	C:\WINDOWS\system32\wshbth.dll
0x00007ffd4ef90000 - 0x00007ffd4f007000 	C:\WINDOWS\System32\fwpuclnt.dll
0x00007ffd5be90000 - 0x00007ffd5beb6000 	C:\WINDOWS\System32\bcrypt.dll
0x00007ffd4f3c0000 - 0x00007ffd4f3ca000 	C:\Windows\System32\rasadhlp.dll
0x00007ffd4eae0000 - 0x00007ffd4eaed000 	C:\environment\java\jdk\jre\bin\management.dll
0x00007ffd4eac0000 - 0x00007ffd4eada000 	C:\environment\java\jdk\jre\bin\net.dll
0x00007ffd4c6f0000 - 0x00007ffd4c8c6000 	C:\WINDOWS\SYSTEM32\urlmon.dll
0x00007ffd4bed0000 - 0x00007ffd4c176000 	C:\WINDOWS\SYSTEM32\iertutil.dll
0x00007ffd5a850000 - 0x00007ffd5a85c000 	C:\WINDOWS\SYSTEM32\CRYPTBASE.DLL
0x00007ffd49b20000 - 0x00007ffd49b31000 	C:\environment\java\jdk\jre\bin\nio.dll
0x00007ffd5a110000 - 0x00007ffd5a143000 	C:\WINDOWS\system32\rsaenh.dll
0x00007ffd5ac80000 - 0x00007ffd5aca5000 	C:\WINDOWS\SYSTEM32\USERENV.dll
0x00007ffd4f3f0000 - 0x00007ffd4f406000 	C:\WINDOWS\SYSTEM32\dhcpcsvc6.DLL
0x00007ffd4f3d0000 - 0x00007ffd4f3ec000 	C:\WINDOWS\SYSTEM32\dhcpcsvc.DLL
0x00007ffd46990000 - 0x00007ffd46b84000 	C:\WINDOWS\SYSTEM32\dbghelp.dll

VM Arguments:
jvm_args: -agentlib:jdwp=transport=dt_socket,suspend=y,address=localhost:56536 -Dcom.sun.management.jmxremote -Dcom.sun.management.jmxremote.port=56535 -Dcom.sun.management.jmxremote.authenticate=false -Dcom.sun.management.jmxremote.ssl=false -Djava.rmi.server.hostname=localhost -Dspring.jmx.enabled=true -Dspring.application.admin.enabled=true -Xverify:none -XX:TieredStopAtLevel=1 -Dfile.encoding=UTF-8 
java_command: com.example.Ec201907jApplication --spring.output.ansi.enabled=always
java_class_path (initial): C:\environment\springworkspace\ec201907_saito\target\classes;C:\Users\JURI\.m2\repository\org\springframework\boot\spring-boot-starter-jdbc\2.1.8.RELEASE\spring-boot-starter-jdbc-2.1.8.RELEASE.jar;C:\Users\JURI\.m2\repository\org\springframework\boot\spring-boot-starter\2.1.8.RELEASE\spring-boot-starter-2.1.8.RELEASE.jar;C:\Users\JURI\.m2\repository\org\springframework\boot\spring-boot-starter-logging\2.1.8.RELEASE\spring-boot-starter-logging-2.1.8.RELEASE.jar;C:\Users\JURI\.m2\repository\ch\qos\logback\logback-classic\1.2.3\logback-classic-1.2.3.jar;C:\Users\JURI\.m2\repository\ch\qos\logback\logback-core\1.2.3\logback-core-1.2.3.jar;C:\Users\JURI\.m2\repository\org\apache\logging\log4j\log4j-to-slf4j\2.11.2\log4j-to-slf4j-2.11.2.jar;C:\Users\JURI\.m2\repository\org\apache\logging\log4j\log4j-api\2.11.2\log4j-api-2.11.2.jar;C:\Users\JURI\.m2\repository\org\slf4j\jul-to-slf4j\1.7.28\jul-to-slf4j-1.7.28.jar;C:\Users\JURI\.m2\repository\org\yaml\snakeyaml\1.23\snakeyaml-1.23.jar;C:\Users\JURI\.m2\repository\com\zaxxer\HikariCP\3.2.0\HikariCP-3.2.0.jar;C:\Users\JURI\.m2\repository\org\springframework\spring-jdbc\5.1.9.RELEASE\spring-jdbc-5.1.9.RELEASE.jar;C:\Users\JURI\.m2\repository\org\springframework\spring-tx\5.1.9.RELEASE\spring-tx-5.1.9.RELEASE.jar;C:\Users\JURI\.m2\repository\org\springframework\boot\spring-boot-starter-thymeleaf\2.1.8.RELEASE\spring-boot-starter-thymeleaf-2.1.8.RELEASE.jar;C:\Users\JURI\.m2\repository\org\thymeleaf\thymeleaf-spring5\3.0.11.RELEASE\thymeleaf-spring5-3.0.11.RELEASE.jar;C:\Users\JURI\.m2\repository\org\thymeleaf\thymeleaf\3.0.11.RELEASE\thymeleaf-3.0.11.RELEASE.jar;C:\Users\JURI\.m2\repository\org\attoparser\attoparser\2.0.5.RELEASE\attoparser-2.0.5.RELEASE.jar;C:\Users\JURI\.m2\repository\org\unbescape\unbescape\1.1.6.RELEASE\unbescape-1.1.6.RELEASE.jar;C:\Users\JURI\.m2\repository\org\thymeleaf\extras\thymeleaf-extras-java8time\3.0.4.RELEASE\thymeleaf-extras-java8time-3.0.4.RELEASE.jar;C:\Users\JURI\
Launcher Type: SUN_STANDARD

Environment Variables:
PATH=C:\environment\java\jdk\jre\bin;C:/Program Files/Java/jre1.8.0_221/bin/server;C:/Program Files/Java/jre1.8.0_221/bin;C:/Program Files/Java/jre1.8.0_221/lib/amd64;C:\Program Files (x86)\Common Files\Oracle\Java\javapath;C:\WINDOWS\system32;C:\WINDOWS;C:\WINDOWS\System32\Wbem;C:\WINDOWS\System32\WindowsPowerShell\v1.0\;C:\WINDOWS\System32\OpenSSH\;C:\Program Files (x86)\Intel\Intel(R) Management Engine Components\DAL;C:\Program Files\Intel\Intel(R) Management Engine Components\DAL;C:\Program Files\Intel\WiFi\bin\;C:\Program Files\Common Files\Intel\WirelessCommon\;C:\environment\applications\Git\cmd;C:\Users\JURI\AppData\Local\Microsoft\WindowsApps;;C:\environment\applications\sts-4.3.1.RELEASE;
USERNAME=JURI
OS=Windows_NT
PROCESSOR_IDENTIFIER=Intel64 Family 6 Model 142 Stepping 12, GenuineIntel



---------------  S Y S T E M  ---------------

OS: Windows 10.0 , 64 bit Build 18362 (10.0.18362.329)

CPU:total 8 (initial active 8) (4 cores per cpu, 2 threads per core) family 6 model 142 stepping 12, cmov, cx8, fxsr, mmx, sse, sse2, sse3, ssse3, sse4.1, sse4.2, popcnt, avx, avx2, aes, clmul, erms, 3dnowpref, lzcnt, ht, tsc, tscinvbit, bmi1, bmi2, adx

Memory: 4k page, physical 8191356k(1841528k free), swap 16956296k(3202792k free)

vm_info: Java HotSpot(TM) 64-Bit Server VM (25.201-b09) for windows-amd64 JRE (1.8.0_201-b09), built on Dec 15 2018 18:36:39 by "java_re" with MS VC++ 10.0 (VS2010)

time: Thu Oct 24 19:00:01 2019
timezone: ìåãû (ïWèÄéû)
elapsed time: 1160 seconds (0d 0h 19m 20s)

